  ClientSession.cpp
D:\Code Workspace\Senier-Project\server_c+\server_c+\spdlog\details\circular_q.h(1,1): warning C4819: 현재 코드 페이지(949)에서 표시할 수 없는 문자가 파일에 들어 있습니다. 데이터가 손실되지 않게 하려면 해당 파일을 유니코드 형식으로 저장하십시오.
D:\Code Workspace\Senier-Project\server_c+\server_c+\ClientSession.h(109,28): warning C4996: 'strcpy': This function or variable may be unsafe. Consider using strcpy_s instead. To disable deprecation, use _CRT_SECURE_NO_WARNINGS. See online help for details.
D:\Code Workspace\Senier-Project\server_c+\server_c+\MatchManager.h(30,21): warning C4267: 'return': 'size_t'에서 'int'(으)로 변환하면서 데이터가 손실될 수 있습니다.
D:\Code Workspace\Senier-Project\server_c+\server_c+\ClientSession.cpp(64,40): warning C4996: 'inet_ntoa': Use inet_ntop() or InetNtop() instead or define _WINSOCK_DEPRECATED_NO_WARNINGS to disable deprecated API warnings
D:\Code Workspace\Senier-Project\server_c+\server_c+\ClientSession.cpp(68,2): warning C4996: 'sprintf': This function or variable may be unsafe. Consider using sprintf_s instead. To disable deprecation, use _CRT_SECURE_NO_WARNINGS. See online help for details.
D:\Code Workspace\Senier-Project\server_c+\server_c+\ClientSession.cpp(106,68): warning C4267: '=': 'size_t'에서 'ULONG'(으)로 변환하면서 데이터가 손실될 수 있습니다.
D:\Code Workspace\Senier-Project\server_c+\server_c+\ClientSession.cpp(168,43): warning C4996: 'inet_ntoa': Use inet_ntop() or InetNtop() instead or define _WINSOCK_DEPRECATED_NO_WARNINGS to disable deprecated API warnings
D:\Code Workspace\Senier-Project\server_c+\server_c+\ClientSession.cpp(172,2): warning C4996: 'sprintf': This function or variable may be unsafe. Consider using sprintf_s instead. To disable deprecation, use _CRT_SECURE_NO_WARNINGS. See online help for details.
  GameLogicManager.cpp
D:\Code Workspace\Senier-Project\server_c+\server_c+\spdlog\details\circular_q.h(1,1): warning C4819: 현재 코드 페이지(949)에서 표시할 수 없는 문자가 파일에 들어 있습니다. 데이터가 손실되지 않게 하려면 해당 파일을 유니코드 형식으로 저장하십시오.
D:\Code Workspace\Senier-Project\server_c+\server_c+\ClientSession.h(109,28): warning C4996: 'strcpy': This function or variable may be unsafe. Consider using strcpy_s instead. To disable deprecation, use _CRT_SECURE_NO_WARNINGS. See online help for details.
  IOCPManager.cpp
D:\Code Workspace\Senier-Project\server_c+\server_c+\spdlog\details\circular_q.h(1,1): warning C4819: 현재 코드 페이지(949)에서 표시할 수 없는 문자가 파일에 들어 있습니다. 데이터가 손실되지 않게 하려면 해당 파일을 유니코드 형식으로 저장하십시오.
D:\Code Workspace\Senier-Project\server_c+\server_c+\ClientSession.h(109,28): warning C4996: 'strcpy': This function or variable may be unsafe. Consider using strcpy_s instead. To disable deprecation, use _CRT_SECURE_NO_WARNINGS. See online help for details.
D:\Code Workspace\Senier-Project\server_c+\server_c+\MatchManager.h(30,21): warning C4267: 'return': 'size_t'에서 'int'(으)로 변환하면서 데이터가 손실될 수 있습니다.
D:\Code Workspace\Senier-Project\server_c+\server_c+\IOCPManager.cpp(40,18): warning C4996: 'WSASocketA': Use WSASocketW() instead or define _WINSOCK_DEPRECATED_NO_WARNINGS to disable deprecated API warnings
D:\Code Workspace\Senier-Project\server_c+\server_c+\IOCPManager.cpp(80,75): warning C4312: '형식 캐스트': 'int'에서 더 큰 'LPVOID'(으)로의 변환입니다.
D:\Code Workspace\Senier-Project\server_c+\server_c+\IOCPManager.cpp(321,3): warning C4996: 'sprintf': This function or variable may be unsafe. Consider using sprintf_s instead. To disable deprecation, use _CRT_SECURE_NO_WARNINGS. See online help for details.
  InGameManager.cpp
D:\Code Workspace\Senier-Project\server_c+\server_c+\spdlog\details\circular_q.h(1,1): warning C4819: 현재 코드 페이지(949)에서 표시할 수 없는 문자가 파일에 들어 있습니다. 데이터가 손실되지 않게 하려면 해당 파일을 유니코드 형식으로 저장하십시오.
D:\Code Workspace\Senier-Project\server_c+\server_c+\ClientSession.h(109,28): warning C4996: 'strcpy': This function or variable may be unsafe. Consider using strcpy_s instead. To disable deprecation, use _CRT_SECURE_NO_WARNINGS. See online help for details.
  InGameRoom.cpp
D:\Code Workspace\Senier-Project\server_c+\server_c+\spdlog\details\circular_q.h(1,1): warning C4819: 현재 코드 페이지(949)에서 표시할 수 없는 문자가 파일에 들어 있습니다. 데이터가 손실되지 않게 하려면 해당 파일을 유니코드 형식으로 저장하십시오.
D:\Code Workspace\Senier-Project\server_c+\server_c+\ClientSession.h(109,28): warning C4996: 'strcpy': This function or variable may be unsafe. Consider using strcpy_s instead. To disable deprecation, use _CRT_SECURE_NO_WARNINGS. See online help for details.
  MatchManager.cpp
D:\Code Workspace\Senier-Project\server_c+\server_c+\spdlog\details\circular_q.h(1,1): warning C4819: 현재 코드 페이지(949)에서 표시할 수 없는 문자가 파일에 들어 있습니다. 데이터가 손실되지 않게 하려면 해당 파일을 유니코드 형식으로 저장하십시오.
D:\Code Workspace\Senier-Project\server_c+\server_c+\ClientSession.h(109,28): warning C4996: 'strcpy': This function or variable may be unsafe. Consider using strcpy_s instead. To disable deprecation, use _CRT_SECURE_NO_WARNINGS. See online help for details.
D:\Code Workspace\Senier-Project\server_c+\server_c+\MatchManager.h(30,21): warning C4267: 'return': 'size_t'에서 'int'(으)로 변환하면서 데이터가 손실될 수 있습니다.
  PacketManager.cpp
D:\Code Workspace\Senier-Project\server_c+\server_c+\spdlog\details\circular_q.h(1,1): warning C4819: 현재 코드 페이지(949)에서 표시할 수 없는 문자가 파일에 들어 있습니다. 데이터가 손실되지 않게 하려면 해당 파일을 유니코드 형식으로 저장하십시오.
D:\Code Workspace\Senier-Project\server_c+\server_c+\ClientSession.h(109,28): warning C4996: 'strcpy': This function or variable may be unsafe. Consider using strcpy_s instead. To disable deprecation, use _CRT_SECURE_NO_WARNINGS. See online help for details.
D:\Code Workspace\Senier-Project\server_c+\server_c+\MatchManager.h(30,21): warning C4267: 'return': 'size_t'에서 'int'(으)로 변환하면서 데이터가 손실될 수 있습니다.
  UpdateThreadPool.cpp
D:\Code Workspace\Senier-Project\server_c+\server_c+\spdlog\details\circular_q.h(1,1): warning C4819: 현재 코드 페이지(949)에서 표시할 수 없는 문자가 파일에 들어 있습니다. 데이터가 손실되지 않게 하려면 해당 파일을 유니코드 형식으로 저장하십시오.
D:\Code Workspace\Senier-Project\server_c+\server_c+\ClientSession.h(109,28): warning C4996: 'strcpy': This function or variable may be unsafe. Consider using strcpy_s instead. To disable deprecation, use _CRT_SECURE_NO_WARNINGS. See online help for details.
  main.cpp
D:\Code Workspace\Senier-Project\server_c+\server_c+\spdlog\details\circular_q.h(1,1): warning C4819: 현재 코드 페이지(949)에서 표시할 수 없는 문자가 파일에 들어 있습니다. 데이터가 손실되지 않게 하려면 해당 파일을 유니코드 형식으로 저장하십시오.
D:\Code Workspace\Senier-Project\server_c+\server_c+\ClientSession.h(109,28): warning C4996: 'strcpy': This function or variable may be unsafe. Consider using strcpy_s instead. To disable deprecation, use _CRT_SECURE_NO_WARNINGS. See online help for details.
D:\Code Workspace\Senier-Project\server_c+\server_c+\MatchManager.h(30,21): warning C4267: 'return': 'size_t'에서 'int'(으)로 변환하면서 데이터가 손실될 수 있습니다.
  코드를 생성하고 있습니다...
D:\Code Workspace\Senier-Project\server_c+\server_c+\IOCPManager.cpp(132): warning C4715: 'IOCPManager::StartMatchProcessThread': 모든 제어 경로에서 값을 반환하지는 않습니다.
D:\Code Workspace\Senier-Project\server_c+\server_c+\IOCPManager.cpp(168): warning C4715: 'IOCPManager::StartSystemUsageThread': 모든 제어 경로에서 값을 반환하지는 않습니다.
D:\Code Workspace\Senier-Project\server_c+\server_c+\IOCPManager.cpp(150): warning C4715: 'IOCPManager::StartInGameProcessThread': 모든 제어 경로에서 값을 반환하지는 않습니다.
  server_c+.vcxproj -> D:\Code Workspace\Senier-Project\server_c+\x64\Debug\server_c+.exe
