d:\code workspace\senier-project\server_c+\server_c+\x64\debug\vc142.pdb
d:\code workspace\senier-project\server_c+\server_c+\x64\debug\vc142.idb
d:\code workspace\senier-project\server_c+\server_c+\x64\debug\templatesingleton.obj
d:\code workspace\senier-project\server_c+\server_c+\x64\debug\sessionmanager.obj
d:\code workspace\senier-project\server_c+\server_c+\x64\debug\networksession.obj
d:\code workspace\senier-project\server_c+\server_c+\x64\debug\main.obj
d:\code workspace\senier-project\server_c+\server_c+\x64\debug\iocpmanager.obj
d:\code workspace\senier-project\server_c+\server_c+\x64\debug\clientsession.obj
d:\code workspace\senier-project\server_c+\server_c+\x64\debug\packetproc.obj
d:\code workspace\senier-project\server_c+\server_c+\x64\debug\matchmanager.obj
d:\code workspace\senier-project\server_c+\server_c+\x64\debug\ingamemanager.obj
d:\code workspace\senier-project\server_c+\server_c+\x64\debug\packetmanager.obj
d:\code workspace\senier-project\server_c+\server_c+\x64\debug\playerinfo.obj
d:\code workspace\senier-project\server_c+\server_c+\x64\debug\logger.obj
d:\code workspace\senier-project\server_c+\server_c+\x64\debug\ingameroom.obj
d:\code workspace\senier-project\server_c+\server_c+\x64\debug\tile.obj
d:\code workspace\senier-project\server_c+\server_c+\x64\debug\stage.obj
d:\code workspace\senier-project\server_c+\server_c+\x64\debug\skill.obj
d:\code workspace\senier-project\server_c+\server_c+\x64\debug\player.obj
d:\code workspace\senier-project\server_c+\server_c+\x64\debug\manager.obj
d:\code workspace\senier-project\server_c+\server_c+\x64\debug\entity.obj
d:\code workspace\senier-project\server_c+\server_c+\x64\debug\collisionmanager.obj
d:\code workspace\senier-project\server_c+\server_c+\x64\debug\boxcollider.obj
d:\code workspace\senier-project\server_c+\server_c+\x64\debug\gamelogicmanager.obj
d:\code workspace\senier-project\server_c+\server_c+\x64\debug\stageforest.obj
d:\code workspace\senier-project\server_c+\server_c+\x64\debug\stagebase.obj
d:\code workspace\senier-project\server_c+\server_c+\x64\debug\mysqlmanager.obj
d:\code workspace\senier-project\server_c+\server_c+\x64\debug\gamedbmanger.obj
d:\code workspace\senier-project\server_c+\server_c+\x64\debug\systemusage.obj
d:\code workspace\senier-project\server_c+\server_c+\x64\debug\crypt.obj
d:\code workspace\senier-project\server_c+\x64\debug\server_c+.exe
d:\code workspace\senier-project\server_c+\x64\debug\server_c+.ilk
d:\code workspace\senier-project\server_c+\x64\debug\server_c+.pdb
d:\code workspace\senier-project\server_c+\server_c+\x64\debug\server_c+.res
d:\code workspace\senier-project\server_c+\server_c+\x64\debug\server_c+.tlog\cl.command.1.tlog
d:\code workspace\senier-project\server_c+\server_c+\x64\debug\server_c+.tlog\cl.read.1.tlog
d:\code workspace\senier-project\server_c+\server_c+\x64\debug\server_c+.tlog\cl.write.1.tlog
d:\code workspace\senier-project\server_c+\server_c+\x64\debug\server_c+.tlog\link.command.1.tlog
d:\code workspace\senier-project\server_c+\server_c+\x64\debug\server_c+.tlog\link.read.1.tlog
d:\code workspace\senier-project\server_c+\server_c+\x64\debug\server_c+.tlog\link.write.1.tlog
d:\code workspace\senier-project\server_c+\server_c+\x64\debug\server_c+.tlog\rc.command.1.tlog
d:\code workspace\senier-project\server_c+\server_c+\x64\debug\server_c+.tlog\rc.read.1.tlog
d:\code workspace\senier-project\server_c+\server_c+\x64\debug\server_c+.tlog\rc.write.1.tlog
