  ClientSession.cpp
D:\Code Workspace\Senier-Project\server_c+\server_c+\spdlog\details\circular_q.h(1,1): warning C4819: 현재 코드 페이지(949)에서 표시할 수 없는 문자가 파일에 들어 있습니다. 데이터가 손실되지 않게 하려면 해당 파일을 유니코드 형식으로 저장하십시오.
D:\Code Workspace\Senier-Project\server_c+\server_c+\ClientSession.cpp(62,1): warning C4996: 'inet_ntoa': Use inet_ntop() or InetNtop() instead or define _WINSOCK_DEPRECATED_NO_WARNINGS to disable deprecated API warnings
C:\Program Files (x86)\Windows Kits\10\Include\10.0.18362.0\um\WinSock2.h(1849): message : 'inet_ntoa' 선언을 참조하십시오.
D:\Code Workspace\Senier-Project\server_c+\server_c+\ClientSession.cpp(66,1): warning C4996: 'sprintf': This function or variable may be unsafe. Consider using sprintf_s instead. To disable deprecation, use _CRT_SECURE_NO_WARNINGS. See online help for details.
C:\Program Files (x86)\Windows Kits\10\Include\10.0.18362.0\ucrt\stdio.h(1774): message : 'sprintf' 선언을 참조하십시오.
D:\Code Workspace\Senier-Project\server_c+\server_c+\ClientSession.cpp(160,1): warning C4996: 'inet_ntoa': Use inet_ntop() or InetNtop() instead or define _WINSOCK_DEPRECATED_NO_WARNINGS to disable deprecated API warnings
C:\Program Files (x86)\Windows Kits\10\Include\10.0.18362.0\um\WinSock2.h(1849): message : 'inet_ntoa' 선언을 참조하십시오.
D:\Code Workspace\Senier-Project\server_c+\server_c+\ClientSession.cpp(164,1): warning C4996: 'sprintf': This function or variable may be unsafe. Consider using sprintf_s instead. To disable deprecation, use _CRT_SECURE_NO_WARNINGS. See online help for details.
  InGameManager.cpp
C:\Program Files (x86)\Windows Kits\10\Include\10.0.18362.0\ucrt\stdio.h(1774): message : 'sprintf' 선언을 참조하십시오.
  IOCPManager.cpp
D:\Code Workspace\Senier-Project\server_c+\server_c+\spdlog\details\circular_q.h(1,1): warning C4819: 현재 코드 페이지(949)에서 표시할 수 없는 문자가 파일에 들어 있습니다. 데이터가 손실되지 않게 하려면 해당 파일을 유니코드 형식으로 저장하십시오.
D:\Code Workspace\Senier-Project\server_c+\server_c+\spdlog\details\circular_q.h(1,1): warning C4819: 현재 코드 페이지(949)에서 표시할 수 없는 문자가 파일에 들어 있습니다. 데이터가 손실되지 않게 하려면 해당 파일을 유니코드 형식으로 저장하십시오.
D:\Code Workspace\Senier-Project\server_c+\server_c+\IOCPManager.cpp(40,1): warning C4996: 'WSASocketA': Use WSASocketW() instead or define _WINSOCK_DEPRECATED_NO_WARNINGS to disable deprecated API warnings
  Logger.cpp
C:\Program Files (x86)\Windows Kits\10\Include\10.0.18362.0\um\WinSock2.h(3416): message : 'WSASocketA' 선언을 참조하십시오.
D:\Code Workspace\Senier-Project\server_c+\server_c+\spdlog\details\circular_q.h(1,1): warning C4819: 현재 코드 페이지(949)에서 표시할 수 없는 문자가 파일에 들어 있습니다. 데이터가 손실되지 않게 하려면 해당 파일을 유니코드 형식으로 저장하십시오.
D:\Code Workspace\Senier-Project\server_c+\server_c+\Logger.cpp(32,1): warning C4996: 'localtime': This function or variable may be unsafe. Consider using localtime_s instead. To disable deprecation, use _CRT_SECURE_NO_WARNINGS. See online help for details.
C:\Program Files (x86)\Windows Kits\10\Include\10.0.18362.0\ucrt\time.h(506): message : 'localtime' 선언을 참조하십시오.
D:\Code Workspace\Senier-Project\server_c+\server_c+\Logger.cpp(35,1): warning C4996: 'sprintf': This function or variable may be unsafe. Consider using sprintf_s instead. To disable deprecation, use _CRT_SECURE_NO_WARNINGS. See online help for details.
  main.cpp
C:\Program Files (x86)\Windows Kits\10\Include\10.0.18362.0\ucrt\stdio.h(1774): message : 'sprintf' 선언을 참조하십시오.
  MatchManager.cpp
D:\Code Workspace\Senier-Project\server_c+\server_c+\spdlog\details\circular_q.h(1,1): warning C4819: 현재 코드 페이지(949)에서 표시할 수 없는 문자가 파일에 들어 있습니다. 데이터가 손실되지 않게 하려면 해당 파일을 유니코드 형식으로 저장하십시오.
  PacketManager.cpp
D:\Code Workspace\Senier-Project\server_c+\server_c+\spdlog\details\circular_q.h(1,1): warning C4819: 현재 코드 페이지(949)에서 표시할 수 없는 문자가 파일에 들어 있습니다. 데이터가 손실되지 않게 하려면 해당 파일을 유니코드 형식으로 저장하십시오.
  PlayerInfo.cpp
D:\Code Workspace\Senier-Project\server_c+\server_c+\spdlog\details\circular_q.h(1,1): warning C4819: 현재 코드 페이지(949)에서 표시할 수 없는 문자가 파일에 들어 있습니다. 데이터가 손실되지 않게 하려면 해당 파일을 유니코드 형식으로 저장하십시오.
  SessionManager.cpp
D:\Code Workspace\Senier-Project\server_c+\server_c+\spdlog\details\circular_q.h(1,1): warning C4819: 현재 코드 페이지(949)에서 표시할 수 없는 문자가 파일에 들어 있습니다. 데이터가 손실되지 않게 하려면 해당 파일을 유니코드 형식으로 저장하십시오.
D:\Code Workspace\Senier-Project\server_c+\server_c+\spdlog\details\circular_q.h(1,1): warning C4819: 현재 코드 페이지(949)에서 표시할 수 없는 문자가 파일에 들어 있습니다. 데이터가 손실되지 않게 하려면 해당 파일을 유니코드 형식으로 저장하십시오.
  코드를 생성하고 있습니다.
D:\Code Workspace\Senier-Project\server_c+\server_c+\IOCPManager.cpp(132): warning C4715: 'IOCPManager::StartMatchProcessThread': 모든 제어 경로에서 값을 반환하지는 않습니다.
D:\Code Workspace\Senier-Project\server_c+\server_c+\ClientSession.cpp(70): warning C4715: 'ClientSession::OnConnect': 모든 제어 경로에서 값을 반환하지는 않습니다.
  1478 of 4130 functions (35.8%) were compiled, the rest were copied from previous compilation.
    165 functions were new in current compilation
    108 functions had inline decision re-evaluated but remain unchanged
  코드를 생성했습니다.
  server_c+.vcxproj -> D:\Code Workspace\Senier-Project\server_c+\Release\server_c+.exe
