d:\code workspace\senier-project\server_c+\server_c+\x64\release\vc142.pdb
d:\code workspace\senier-project\server_c+\server_c+\x64\release\sessionmanager.obj
d:\code workspace\senier-project\server_c+\server_c+\x64\release\playerinfo.obj
d:\code workspace\senier-project\server_c+\server_c+\x64\release\packetmanager.obj
d:\code workspace\senier-project\server_c+\server_c+\x64\release\matchmanager.obj
d:\code workspace\senier-project\server_c+\server_c+\x64\release\main.obj
d:\code workspace\senier-project\server_c+\server_c+\x64\release\logger.obj
d:\code workspace\senier-project\server_c+\server_c+\x64\release\iocpmanager.obj
d:\code workspace\senier-project\server_c+\server_c+\x64\release\ingamemanager.obj
d:\code workspace\senier-project\server_c+\server_c+\x64\release\clientsession.obj
d:\code workspace\senier-project\server_c+\x64\release\server_c+.exe
d:\code workspace\senier-project\server_c+\x64\release\server_c+.pdb
d:\code workspace\senier-project\server_c+\x64\release\server_c+.ipdb
d:\code workspace\senier-project\server_c+\x64\release\server_c+.iobj
d:\code workspace\senier-project\server_c+\server_c+\x64\release\server_c+.tlog\cl.command.1.tlog
d:\code workspace\senier-project\server_c+\server_c+\x64\release\server_c+.tlog\cl.read.1.tlog
d:\code workspace\senier-project\server_c+\server_c+\x64\release\server_c+.tlog\cl.write.1.tlog
d:\code workspace\senier-project\server_c+\server_c+\x64\release\server_c+.tlog\link.command.1.tlog
d:\code workspace\senier-project\server_c+\server_c+\x64\release\server_c+.tlog\link.delete.1.tlog
d:\code workspace\senier-project\server_c+\server_c+\x64\release\server_c+.tlog\link.read.1.tlog
d:\code workspace\senier-project\server_c+\server_c+\x64\release\server_c+.tlog\link.write.1.tlog
d:\code workspace\senier-project\server_c+\server_c+\x64\release\server_c+.tlog\server_c+.write.1u.tlog
