  ClientSession.cpp
D:\Code Workspace\Senier-Project\server_c+\server_c+\spdlog\details\circular_q.h(1,1): warning C4819: 현재 코드 페이지(949)에서 표시할 수 없는 문자가 파일에 들어 있습니다. 데이터가 손실되지 않게 하려면 해당 파일을 유니코드 형식으로 저장하십시오.
D:\Code Workspace\Senier-Project\server_c+\server_c+\MatchManager.h(30,21): warning C4267: 'return': 'size_t'에서 'int'(으)로 변환하면서 데이터가 손실될 수 있습니다.
D:\Code Workspace\Senier-Project\server_c+\server_c+\ClientSession.cpp(62,1): warning C4996: 'inet_ntoa': Use inet_ntop() or InetNtop() instead or define _WINSOCK_DEPRECATED_NO_WARNINGS to disable deprecated API warnings
C:\Program Files (x86)\Windows Kits\10\Include\10.0.18362.0\um\WinSock2.h(1849): message : 'inet_ntoa' 선언을 참조하십시오.
D:\Code Workspace\Senier-Project\server_c+\server_c+\ClientSession.cpp(66,1): warning C4996: 'sprintf': This function or variable may be unsafe. Consider using sprintf_s instead. To disable deprecation, use _CRT_SECURE_NO_WARNINGS. See online help for details.
C:\Program Files (x86)\Windows Kits\10\Include\10.0.18362.0\ucrt\stdio.h(1774): message : 'sprintf' 선언을 참조하십시오.
D:\Code Workspace\Senier-Project\server_c+\server_c+\ClientSession.cpp(158,1): warning C4996: 'inet_ntoa': Use inet_ntop() or InetNtop() instead or define _WINSOCK_DEPRECATED_NO_WARNINGS to disable deprecated API warnings
C:\Program Files (x86)\Windows Kits\10\Include\10.0.18362.0\um\WinSock2.h(1849): message : 'inet_ntoa' 선언을 참조하십시오.
D:\Code Workspace\Senier-Project\server_c+\server_c+\ClientSession.cpp(162,1): warning C4996: 'sprintf': This function or variable may be unsafe. Consider using sprintf_s instead. To disable deprecation, use _CRT_SECURE_NO_WARNINGS. See online help for details.
  InGameManager.cpp
C:\Program Files (x86)\Windows Kits\10\Include\10.0.18362.0\ucrt\stdio.h(1774): message : 'sprintf' 선언을 참조하십시오.
D:\Code Workspace\Senier-Project\server_c+\server_c+\spdlog\details\circular_q.h(1,1): warning C4819: 현재 코드 페이지(949)에서 표시할 수 없는 문자가 파일에 들어 있습니다. 데이터가 손실되지 않게 하려면 해당 파일을 유니코드 형식으로 저장하십시오.
  InGameRoom.cpp
D:\Code Workspace\Senier-Project\server_c+\server_c+\InGameManager.cpp(154,50): error C3867: 'ClientSession::GetRoomNum': 비표준 구문입니다. '&'를 사용하여 멤버 포인터를 만드세요.
  IOCPManager.cpp
D:\Code Workspace\Senier-Project\server_c+\server_c+\spdlog\details\circular_q.h(1,1): warning C4819: 현재 코드 페이지(949)에서 표시할 수 없는 문자가 파일에 들어 있습니다. 데이터가 손실되지 않게 하려면 해당 파일을 유니코드 형식으로 저장하십시오.
D:\Code Workspace\Senier-Project\server_c+\server_c+\spdlog\details\circular_q.h(1,1): warning C4819: 현재 코드 페이지(949)에서 표시할 수 없는 문자가 파일에 들어 있습니다. 데이터가 손실되지 않게 하려면 해당 파일을 유니코드 형식으로 저장하십시오.
D:\Code Workspace\Senier-Project\server_c+\server_c+\MatchManager.h(30,21): warning C4267: 'return': 'size_t'에서 'int'(으)로 변환하면서 데이터가 손실될 수 있습니다.
D:\Code Workspace\Senier-Project\server_c+\server_c+\IOCPManager.cpp(40,1): warning C4996: 'WSASocketA': Use WSASocketW() instead or define _WINSOCK_DEPRECATED_NO_WARNINGS to disable deprecated API warnings
C:\Program Files (x86)\Windows Kits\10\Include\10.0.18362.0\um\WinSock2.h(3416): message : 'WSASocketA' 선언을 참조하십시오.
  main.cpp
D:\Code Workspace\Senier-Project\server_c+\server_c+\IOCPManager.cpp(80,75): warning C4312: '형식 캐스트': 'int'에서 더 큰 'LPVOID'(으)로의 변환입니다.
D:\Code Workspace\Senier-Project\server_c+\server_c+\spdlog\details\circular_q.h(1,1): warning C4819: 현재 코드 페이지(949)에서 표시할 수 없는 문자가 파일에 들어 있습니다. 데이터가 손실되지 않게 하려면 해당 파일을 유니코드 형식으로 저장하십시오.
  MatchManager.cpp
D:\Code Workspace\Senier-Project\server_c+\server_c+\MatchManager.h(30,21): warning C4267: 'return': 'size_t'에서 'int'(으)로 변환하면서 데이터가 손실될 수 있습니다.
D:\Code Workspace\Senier-Project\server_c+\server_c+\spdlog\details\circular_q.h(1,1): warning C4819: 현재 코드 페이지(949)에서 표시할 수 없는 문자가 파일에 들어 있습니다. 데이터가 손실되지 않게 하려면 해당 파일을 유니코드 형식으로 저장하십시오.
  PacketManager.cpp
D:\Code Workspace\Senier-Project\server_c+\server_c+\MatchManager.h(30,21): warning C4267: 'return': 'size_t'에서 'int'(으)로 변환하면서 데이터가 손실될 수 있습니다.
D:\Code Workspace\Senier-Project\server_c+\server_c+\spdlog\details\circular_q.h(1,1): warning C4819: 현재 코드 페이지(949)에서 표시할 수 없는 문자가 파일에 들어 있습니다. 데이터가 손실되지 않게 하려면 해당 파일을 유니코드 형식으로 저장하십시오.
  PlayerInfo.cpp
D:\Code Workspace\Senier-Project\server_c+\server_c+\MatchManager.h(30,21): warning C4267: 'return': 'size_t'에서 'int'(으)로 변환하면서 데이터가 손실될 수 있습니다.
D:\Code Workspace\Senier-Project\server_c+\server_c+\spdlog\details\circular_q.h(1,1): warning C4819: 현재 코드 페이지(949)에서 표시할 수 없는 문자가 파일에 들어 있습니다. 데이터가 손실되지 않게 하려면 해당 파일을 유니코드 형식으로 저장하십시오.
