  Aru.cpp
  C:\Program Files (x86)\Microsoft DirectX SDK (June 2010)\Include\dinput.h: DIRECTINPUT_VERSION undefined. Defaulting to version 0x0800
D:\Code Workspace\Senier-Project\client\Directx_FrameWork\3DFrameWork_JiN\Win32Project1\Aru.cpp(74,26): warning C4244: '=': 'clock_t'에서 'float'(으)로 변환하면서 데이터가 손실될 수 있습니다.
D:\Code Workspace\Senier-Project\client\Directx_FrameWork\3DFrameWork_JiN\Win32Project1\Aru.cpp(563,25): warning C4244: '=': 'clock_t'에서 'float'(으)로 변환하면서 데이터가 손실될 수 있습니다.
  CollisionManager.cpp
  C:\Program Files (x86)\Microsoft DirectX SDK (June 2010)\Include\dinput.h: DIRECTINPUT_VERSION undefined. Defaulting to version 0x0800
  GameManager.cpp
  C:\Program Files (x86)\Microsoft DirectX SDK (June 2010)\Include\dinput.h: DIRECTINPUT_VERSION undefined. Defaulting to version 0x0800
  Network.cpp
D:\Code Workspace\Senier-Project\client\Directx_FrameWork\3DFrameWork_JiN\Win32Project1\Network.cpp(96,29): warning C4996: 'inet_addr': Use inet_pton() or InetPton() instead or define _WINSOCK_DEPRECATED_NO_WARNINGS to disable deprecated API warnings
  PacketManager.cpp
  C:\Program Files (x86)\Microsoft DirectX SDK (June 2010)\Include\dinput.h: DIRECTINPUT_VERSION undefined. Defaulting to version 0x0800
  Stage.cpp
  C:\Program Files (x86)\Microsoft DirectX SDK (June 2010)\Include\dinput.h: DIRECTINPUT_VERSION undefined. Defaulting to version 0x0800
  Title.cpp
  C:\Program Files (x86)\Microsoft DirectX SDK (June 2010)\Include\dinput.h: DIRECTINPUT_VERSION undefined. Defaulting to version 0x0800
D:\Code Workspace\Senier-Project\client\Directx_FrameWork\3DFrameWork_JiN\Win32Project1\Title.cpp(25,5): warning C4305: '인수': 'unsigned long'에서 'unsigned char'(으)로 잘립니다.
D:\Code Workspace\Senier-Project\client\Directx_FrameWork\3DFrameWork_JiN\Win32Project1\Title.cpp(25,48): warning C4309: '인수': 상수 값이 잘립니다.
D:\Code Workspace\Senier-Project\client\Directx_FrameWork\3DFrameWork_JiN\Win32Project1\Title.cpp(29,36): warning C4244: '인수': 'long'에서 'float'(으)로 변환하면서 데이터가 손실될 수 있습니다.
D:\Code Workspace\Senier-Project\client\Directx_FrameWork\3DFrameWork_JiN\Win32Project1\Title.cpp(29,33): warning C4244: '인수': 'long'에서 'float'(으)로 변환하면서 데이터가 손실될 수 있습니다.
D:\Code Workspace\Senier-Project\client\Directx_FrameWork\3DFrameWork_JiN\Win32Project1\Title.cpp(34,31): warning C4244: '인수': 'long'에서 'float'(으)로 변환하면서 데이터가 손실될 수 있습니다.
D:\Code Workspace\Senier-Project\client\Directx_FrameWork\3DFrameWork_JiN\Win32Project1\Title.cpp(34,28): warning C4244: '인수': 'long'에서 'float'(으)로 변환하면서 데이터가 손실될 수 있습니다.
D:\Code Workspace\Senier-Project\client\Directx_FrameWork\3DFrameWork_JiN\Win32Project1\Title.cpp(43,6): warning C4305: '인수': 'unsigned long'에서 'unsigned char'(으)로 잘립니다.
D:\Code Workspace\Senier-Project\client\Directx_FrameWork\3DFrameWork_JiN\Win32Project1\Title.cpp(43,49): warning C4309: '인수': 상수 값이 잘립니다.
  WinSetup.cpp
  C:\Program Files (x86)\Microsoft DirectX SDK (June 2010)\Include\dinput.h: DIRECTINPUT_VERSION undefined. Defaulting to version 0x0800
D:\Code Workspace\Senier-Project\client\Directx_FrameWork\3DFrameWork_JiN\Win32Project1\Crypt.h(2,1): warning C4005: 'WIN32_LEAN_AND_MEAN': 매크로 재정의
D:\Code Workspace\Senier-Project\client\Directx_FrameWork\3DFrameWork_JiN\Win32Project1\WinSetup.cpp : message : 'WIN32_LEAN_AND_MEAN'의 이전 정의를 참조하십시오.
D:\Code Workspace\Senier-Project\client\Directx_FrameWork\3DFrameWork_JiN\Win32Project1\WinSetup.cpp(56,4): warning C4996: 'strcpy': This function or variable may be unsafe. Consider using strcpy_s instead. To disable deprecation, use _CRT_SECURE_NO_WARNINGS. See online help for details.
D:\Code Workspace\Senier-Project\client\Directx_FrameWork\3DFrameWork_JiN\Win32Project1\WinSetup.cpp(57,4): warning C4996: 'strcpy': This function or variable may be unsafe. Consider using strcpy_s instead. To disable deprecation, use _CRT_SECURE_NO_WARNINGS. See online help for details.
  main.cpp
  C:\Program Files (x86)\Microsoft DirectX SDK (June 2010)\Include\dinput.h: DIRECTINPUT_VERSION undefined. Defaulting to version 0x0800
D:\Code Workspace\Senier-Project\client\Directx_FrameWork\3DFrameWork_JiN\Win32Project1\Crypt.h(2,1): warning C4005: 'WIN32_LEAN_AND_MEAN': 매크로 재정의
D:\Code Workspace\Senier-Project\client\Directx_FrameWork\3DFrameWork_JiN\Win32Project1\main.cpp : message : 'WIN32_LEAN_AND_MEAN'의 이전 정의를 참조하십시오.
  코드를 생성하고 있습니다...
D:\Code Workspace\Senier-Project\client\Directx_FrameWork\3DFrameWork_JiN\Win32Project1\GameManager.cpp(219): warning C4715: 'CGameManager::SetPlayerPosition': 모든 제어 경로에서 값을 반환하지는 않습니다.
  Win32Project1.vcxproj -> D:\Code Workspace\Senier-Project\client\Directx_FrameWork\3DFrameWork_JiN\Debug\Win32Project1.exe
