c:\users\seungwon\desktop\jin\project\3dframework_jin\win32project1\debug\vc140.pdb
c:\users\seungwon\desktop\jin\project\3dframework_jin\win32project1\debug\vc140.idb
c:\users\seungwon\desktop\jin\project\3dframework_jin\win32project1\debug\camera.obj
c:\users\seungwon\desktop\jin\project\3dframework_jin\win32project1\debug\keyboard.obj
c:\users\seungwon\desktop\jin\project\3dframework_jin\win32project1\debug\meshes.obj
c:\users\seungwon\desktop\jin\project\3dframework_jin\win32project1\debug\vertex.obj
c:\users\seungwon\desktop\jin\project\3dframework_jin\win32project1\debug\d3dsetup.obj
c:\users\seungwon\desktop\jin\project\3dframework_jin\win32project1\debug\character.obj
c:\users\seungwon\desktop\jin\project\3dframework_jin\win32project1\debug\gamebase.obj
c:\users\seungwon\desktop\jin\project\3dframework_jin\win32project1\debug\tiger.obj
c:\users\seungwon\desktop\jin\project\3dframework_jin\win32project1\debug\winsetup.obj
c:\users\seungwon\desktop\jin\project\3dframework_jin\win32project1\debug\main.obj
c:\users\seungwon\desktop\jin\project\3dframework_jin\win32project1\debug\light.obj
c:\users\seungwon\desktop\jin\project\3dframework_jin\win32project1\debug\material.obj
c:\users\seungwon\desktop\jin\project\3dframework_jin\win32project1\debug\gamemanager.obj
c:\users\seungwon\desktop\workspace\d3d_framework\3dframework_jin\win32project1\debug\vc140.pdb
c:\users\seungwon\desktop\workspace\d3d_framework\3dframework_jin\win32project1\debug\vc140.idb
c:\users\seungwon\desktop\workspace\d3d_framework\3dframework_jin\win32project1\debug\camera.obj
c:\users\seungwon\desktop\workspace\d3d_framework\3dframework_jin\win32project1\debug\character.obj
c:\users\seungwon\desktop\workspace\d3d_framework\3dframework_jin\win32project1\debug\gamebase.obj
c:\users\seungwon\desktop\workspace\d3d_framework\3dframework_jin\win32project1\debug\gamemanager.obj
c:\users\seungwon\desktop\workspace\d3d_framework\3dframework_jin\win32project1\debug\keyboard.obj
c:\users\seungwon\desktop\workspace\d3d_framework\3dframework_jin\win32project1\debug\light.obj
c:\users\seungwon\desktop\workspace\d3d_framework\3dframework_jin\win32project1\debug\material.obj
c:\users\seungwon\desktop\workspace\d3d_framework\3dframework_jin\win32project1\debug\meshes.obj
c:\users\seungwon\desktop\workspace\d3d_framework\3dframework_jin\win32project1\debug\tiger.obj
c:\users\seungwon\desktop\workspace\d3d_framework\3dframework_jin\win32project1\debug\vertex.obj
c:\users\seungwon\desktop\workspace\d3d_framework\3dframework_jin\win32project1\debug\winsetup.obj
c:\users\seungwon\desktop\workspace\d3d_framework\3dframework_jin\win32project1\debug\d3dsetup.obj
c:\users\seungwon\desktop\workspace\d3d_framework\3dframework_jin\win32project1\debug\main.obj
c:\users\seungwon\desktop\workspace\d3d_framework\3dframework_jin\win32project1\debug\directinput.obj
c:\users\seungwon\desktop\workspace\d3d_framework\3dframework_jin\win32project1\debug\sprite.obj
c:\users\seungwon\desktop\workspace\d3d_framework\3dframework_jin\win32project1\debug\texture.obj
c:\users\seungwon\desktop\workspace\d3d_framework\3dframework_jin\win32project1\debug\aru.obj
c:\users\seungwon\desktop\workspace\d3d_framework\3dframework_jin\win32project1\debug\stage.obj
c:\users\seungwon\desktop\workspace\d3d_framework\3dframework_jin\win32project1\debug\background.obj
c:\users\seungwon\desktop\workspace\d3d_framework\3dframework_jin\win32project1\debug\entity.obj
c:\users\seungwon\desktop\workspace\d3d_framework\3dframework_jin\win32project1\debug\tile.obj
c:\users\seungwon\desktop\workspace\d3d_framework\3dframework_jin\win32project1\debug\c2dboxcollider.obj
c:\users\seungwon\desktop\workspace\d3d_framework\3dframework_jin\win32project1\debug\collisionmanager.obj
c:\users\seungwon\desktop\workspace\d3d_framework\3dframework_jin\win32project1\debug\tilemanager.obj
c:\users\seungwon\desktop\workspace\d3d_framework\3dframework_jin\win32project1\debug\mapmanager.obj
c:\users\seungwon\desktop\workspace\d3d_framework\3dframework_jin\win32project1\debug\2dboxcollider.obj
c:\users\seungwon\desktop\workspace\d3d_framework\3dframework_jin\win32project1\debug\monster.obj
c:\users\seungwon\desktop\workspace\d3d_framework\3dframework_jin\win32project1\debug\fireball.obj
c:\users\seungwon\desktop\workspace\d3d_framework\3dframework_jin\win32project1\debug\health.obj
c:\users\seungwon\desktop\workspace\d3d_framework\3dframework_jin\win32project1\debug\uimanager.obj
c:\users\seungwon\desktop\jin\project\3dframework_jin\debug\win32project1.ilk
c:\users\seungwon\desktop\jin\project\3dframework_jin\debug\win32project1.exe
c:\users\seungwon\desktop\jin\project\3dframework_jin\debug\win32project1.pdb
c:\users\seungwon\desktop\workspace\d3d_framework\3dframework_jin\debug\win32project1.ilk
c:\users\seungwon\desktop\workspace\d3d_framework\3dframework_jin\debug\win32project1.exe
c:\users\seungwon\desktop\workspace\d3d_framework\3dframework_jin\debug\win32project1.pdb
c:\users\seungwon\desktop\jin\project\3dframework_jin\win32project1\debug\win32project1.res
c:\users\seungwon\desktop\workspace\d3d_framework\3dframework_jin\win32project1\debug\win32project1.res
c:\users\seungwon\desktop\workspace\d3d_framework\3dframework_jin\win32project1\debug\dxclass.obj
c:\users\seungwon\desktop\workspace\d3d_framework\3dframework_jin\win32project1\debug\sprite.obj.enc
c:\users\seungwon\desktop\workspace\d3d_framework\3dframework_jin\win32project1\debug\vc120.idb
c:\users\seungwon\desktop\workspace\d3d_framework\3dframework_jin\win32project1\debug\vc120.pdb
c:\users\seungwon\desktop\workspace\d3d_framework\3dframework_jin\win32project1\debug\win32project1.tlog\cl.command.1.tlog
c:\users\seungwon\desktop\workspace\d3d_framework\3dframework_jin\win32project1\debug\win32project1.tlog\cl.read.1.tlog
c:\users\seungwon\desktop\workspace\d3d_framework\3dframework_jin\win32project1\debug\win32project1.tlog\cl.write.1.tlog
c:\users\seungwon\desktop\workspace\d3d_framework\3dframework_jin\win32project1\debug\win32project1.tlog\link.command.1.tlog
c:\users\seungwon\desktop\workspace\d3d_framework\3dframework_jin\win32project1\debug\win32project1.tlog\link.read.1.tlog
c:\users\seungwon\desktop\workspace\d3d_framework\3dframework_jin\win32project1\debug\win32project1.tlog\link.write.1.tlog
c:\users\seungwon\desktop\workspace\d3d_framework\3dframework_jin\win32project1\debug\win32project1.tlog\rc.command.1.tlog
c:\users\seungwon\desktop\workspace\d3d_framework\3dframework_jin\win32project1\debug\win32project1.tlog\rc.read.1.tlog
c:\users\seungwon\desktop\workspace\d3d_framework\3dframework_jin\win32project1\debug\win32project1.tlog\rc.write.1.tlog
